[2026-03-23 02:01:06]	[info] incremental build: 70 source files changed
These source files will be recompiled
---
'f:\27559\Projects\STM32_Projects\STM32H7xx\STM32H743IIT6_V\Base\RGBLCD\Core\Src\fmc.c': object (.o) file not exist
'f:\27559\Projects\STM32_Projects\STM32H7xx\STM32H743IIT6_V\Base\RGBLCD\Core\Src\gpio.c': object (.o) file not exist
'f:\27559\Projects\STM32_Projects\STM32H7xx\STM32H743IIT6_V\Base\RGBLCD\Core\Src\ltdc.c': object (.o) file not exist
'f:\27559\Projects\STM32_Projects\STM32H7xx\STM32H743IIT6_V\Base\RGBLCD\Core\Src\main.c': object (.o) file not exist
'f:\27559\Projects\STM32_Projects\STM32H7xx\STM32H743IIT6_V\Base\RGBLCD\Core\Src\stm32h7xx_hal_msp.c': compiler options has been changed.
'f:\27559\Projects\STM32_Projects\STM32H7xx\STM32H743IIT6_V\Base\RGBLCD\Core\Src\stm32h7xx_it.c': compiler options has been changed.
'f:\27559\Projects\STM32_Projects\STM32H7xx\STM32H743IIT6_V\Base\RGBLCD\Core\Src\system_stm32h7xx.c': compiler options has been changed.
'f:\27559\Projects\STM32_Projects\STM32H7xx\STM32H743IIT6_V\Base\RGBLCD\Core\Src\usart.c': compiler options has been changed.
'f:\27559\Projects\STM32_Projects\STM32H7xx\STM32H743IIT6_V\Base\RGBLCD\Drivers\BSP\Src\bsp_ltdc.c': compiler options has been changed.
'f:\27559\Projects\STM32_Projects\STM32H7xx\STM32H743IIT6_V\Base\RGBLCD\Drivers\BSP\Src\bsp_usart.c': compiler options has been changed.
'f:\27559\Projects\STM32_Projects\STM32H7xx\STM32H743IIT6_V\Base\RGBLCD\Drivers\CMSIS\CMSIS-DSP\1.17.0\Source\BasicMathFunctions\BasicMathFunctions.c': object (.o) file not exist
'f:\27559\Projects\STM32_Projects\STM32H7xx\STM32H743IIT6_V\Base\RGBLCD\Drivers\CMSIS\CMSIS-DSP\1.17.0\Source\BasicMathFunctions\BasicMathFunctionsF16.c': object (.o) file not exist
'f:\27559\Projects\STM32_Projects\STM32H7xx\STM32H743IIT6_V\Base\RGBLCD\Drivers\CMSIS\CMSIS-DSP\1.17.0\Source\BayesFunctions\BayesFunctions.c': object (.o) file not exist
'f:\27559\Projects\STM32_Projects\STM32H7xx\STM32H743IIT6_V\Base\RGBLCD\Drivers\CMSIS\CMSIS-DSP\1.17.0\Source\BayesFunctions\BayesFunctionsF16.c': object (.o) file not exist
'f:\27559\Projects\STM32_Projects\STM32H7xx\STM32H743IIT6_V\Base\RGBLCD\Drivers\CMSIS\CMSIS-DSP\1.17.0\Source\CommonTables\CommonTables.c': object (.o) file not exist
'f:\27559\Projects\STM32_Projects\STM32H7xx\STM32H743IIT6_V\Base\RGBLCD\Drivers\CMSIS\CMSIS-DSP\1.17.0\Source\CommonTables\CommonTablesF16.c': object (.o) file not exist
'f:\27559\Projects\STM32_Projects\STM32H7xx\STM32H743IIT6_V\Base\RGBLCD\Drivers\CMSIS\CMSIS-DSP\1.17.0\Source\ComplexMathFunctions\ComplexMathFunctions.c': object (.o) file not exist
'f:\27559\Projects\STM32_Projects\STM32H7xx\STM32H743IIT6_V\Base\RGBLCD\Drivers\CMSIS\CMSIS-DSP\1.17.0\Source\ComplexMathFunctions\ComplexMathFunctionsF16.c': object (.o) file not exist
'f:\27559\Projects\STM32_Projects\STM32H7xx\STM32H743IIT6_V\Base\RGBLCD\Drivers\CMSIS\CMSIS-DSP\1.17.0\Source\ControllerFunctions\ControllerFunctions.c': object (.o) file not exist
'f:\27559\Projects\STM32_Projects\STM32H7xx\STM32H743IIT6_V\Base\RGBLCD\Drivers\CMSIS\CMSIS-DSP\1.17.0\Source\DistanceFunctions\DistanceFunctions.c': object (.o) file not exist
'f:\27559\Projects\STM32_Projects\STM32H7xx\STM32H743IIT6_V\Base\RGBLCD\Drivers\CMSIS\CMSIS-DSP\1.17.0\Source\DistanceFunctions\DistanceFunctionsF16.c': object (.o) file not exist
'f:\27559\Projects\STM32_Projects\STM32H7xx\STM32H743IIT6_V\Base\RGBLCD\Drivers\CMSIS\CMSIS-DSP\1.17.0\Source\FastMathFunctions\FastMathFunctions.c': object (.o) file not exist
'f:\27559\Projects\STM32_Projects\STM32H7xx\STM32H743IIT6_V\Base\RGBLCD\Drivers\CMSIS\CMSIS-DSP\1.17.0\Source\FastMathFunctions\FastMathFunctionsF16.c': object (.o) file not exist
'f:\27559\Projects\STM32_Projects\STM32H7xx\STM32H743IIT6_V\Base\RGBLCD\Drivers\CMSIS\CMSIS-DSP\1.17.0\Source\FilteringFunctions\FilteringFunctions.c': object (.o) file not exist
'f:\27559\Projects\STM32_Projects\STM32H7xx\STM32H743IIT6_V\Base\RGBLCD\Drivers\CMSIS\CMSIS-DSP\1.17.0\Source\FilteringFunctions\FilteringFunctionsF16.c': object (.o) file not exist
'f:\27559\Projects\STM32_Projects\STM32H7xx\STM32H743IIT6_V\Base\RGBLCD\Drivers\CMSIS\CMSIS-DSP\1.17.0\Source\InterpolationFunctions\InterpolationFunctions.c': object (.o) file not exist
'f:\27559\Projects\STM32_Projects\STM32H7xx\STM32H743IIT6_V\Base\RGBLCD\Drivers\CMSIS\CMSIS-DSP\1.17.0\Source\InterpolationFunctions\InterpolationFunctionsF16.c': object (.o) file not exist
'f:\27559\Projects\STM32_Projects\STM32H7xx\STM32H743IIT6_V\Base\RGBLCD\Drivers\CMSIS\CMSIS-DSP\1.17.0\Source\MatrixFunctions\MatrixFunctions.c': object (.o) file not exist
'f:\27559\Projects\STM32_Projects\STM32H7xx\STM32H743IIT6_V\Base\RGBLCD\Drivers\CMSIS\CMSIS-DSP\1.17.0\Source\MatrixFunctions\MatrixFunctionsF16.c': object (.o) file not exist
'f:\27559\Projects\STM32_Projects\STM32H7xx\STM32H743IIT6_V\Base\RGBLCD\Drivers\CMSIS\CMSIS-DSP\1.17.0\Source\QuaternionMathFunctions\QuaternionMathFunctions.c': object (.o) file not exist
'f:\27559\Projects\STM32_Projects\STM32H7xx\STM32H743IIT6_V\Base\RGBLCD\Drivers\CMSIS\CMSIS-DSP\1.17.0\Source\SVMFunctions\SVMFunctions.c': object (.o) file not exist
'f:\27559\Projects\STM32_Projects\STM32H7xx\STM32H743IIT6_V\Base\RGBLCD\Drivers\CMSIS\CMSIS-DSP\1.17.0\Source\SVMFunctions\SVMFunctionsF16.c': object (.o) file not exist
'f:\27559\Projects\STM32_Projects\STM32H7xx\STM32H743IIT6_V\Base\RGBLCD\Drivers\CMSIS\CMSIS-DSP\1.17.0\Source\StatisticsFunctions\StatisticsFunctions.c': object (.o) file not exist
'f:\27559\Projects\STM32_Projects\STM32H7xx\STM32H743IIT6_V\Base\RGBLCD\Drivers\CMSIS\CMSIS-DSP\1.17.0\Source\StatisticsFunctions\StatisticsFunctionsF16.c': object (.o) file not exist
'f:\27559\Projects\STM32_Projects\STM32H7xx\STM32H743IIT6_V\Base\RGBLCD\Drivers\CMSIS\CMSIS-DSP\1.17.0\Source\SupportFunctions\SupportFunctions.c': object (.o) file not exist
'f:\27559\Projects\STM32_Projects\STM32H7xx\STM32H743IIT6_V\Base\RGBLCD\Drivers\CMSIS\CMSIS-DSP\1.17.0\Source\SupportFunctions\SupportFunctionsF16.c': object (.o) file not exist
'f:\27559\Projects\STM32_Projects\STM32H7xx\STM32H743IIT6_V\Base\RGBLCD\Drivers\CMSIS\CMSIS-DSP\1.17.0\Source\TransformFunctions\TransformFunctions.c': object (.o) file not exist
'f:\27559\Projects\STM32_Projects\STM32H7xx\STM32H743IIT6_V\Base\RGBLCD\Drivers\CMSIS\CMSIS-DSP\1.17.0\Source\TransformFunctions\TransformFunctionsF16.c': object (.o) file not exist
'f:\27559\Projects\STM32_Projects\STM32H7xx\STM32H743IIT6_V\Base\RGBLCD\Drivers\CMSIS\CMSIS-DSP\1.17.0\Source\WindowFunctions\WindowFunctions.c': object (.o) file not exist
'f:\27559\Projects\STM32_Projects\STM32H7xx\STM32H743IIT6_V\Base\RGBLCD\Drivers\STM32H7xx_HAL_Driver\Src\stm32h7xx_hal.c': compiler options has been changed.
'f:\27559\Projects\STM32_Projects\STM32H7xx\STM32H743IIT6_V\Base\RGBLCD\Drivers\STM32H7xx_HAL_Driver\Src\stm32h7xx_hal_cortex.c': compiler options has been changed.
'f:\27559\Projects\STM32_Projects\STM32H7xx\STM32H743IIT6_V\Base\RGBLCD\Drivers\STM32H7xx_HAL_Driver\Src\stm32h7xx_hal_dma.c': compiler options has been changed.
'f:\27559\Projects\STM32_Projects\STM32H7xx\STM32H743IIT6_V\Base\RGBLCD\Drivers\STM32H7xx_HAL_Driver\Src\stm32h7xx_hal_dma_ex.c': compiler options has been changed.
'f:\27559\Projects\STM32_Projects\STM32H7xx\STM32H743IIT6_V\Base\RGBLCD\Drivers\STM32H7xx_HAL_Driver\Src\stm32h7xx_hal_dsi.c': compiler options has been changed.
'f:\27559\Projects\STM32_Projects\STM32H7xx\STM32H743IIT6_V\Base\RGBLCD\Drivers\STM32H7xx_HAL_Driver\Src\stm32h7xx_hal_exti.c': compiler options has been changed.
'f:\27559\Projects\STM32_Projects\STM32H7xx\STM32H743IIT6_V\Base\RGBLCD\Drivers\STM32H7xx_HAL_Driver\Src\stm32h7xx_hal_flash.c': compiler options has been changed.
'f:\27559\Projects\STM32_Projects\STM32H7xx\STM32H743IIT6_V\Base\RGBLCD\Drivers\STM32H7xx_HAL_Driver\Src\stm32h7xx_hal_flash_ex.c': compiler options has been changed.
'f:\27559\Projects\STM32_Projects\STM32H7xx\STM32H743IIT6_V\Base\RGBLCD\Drivers\STM32H7xx_HAL_Driver\Src\stm32h7xx_hal_gpio.c': compiler options has been changed.
'f:\27559\Projects\STM32_Projects\STM32H7xx\STM32H743IIT6_V\Base\RGBLCD\Drivers\STM32H7xx_HAL_Driver\Src\stm32h7xx_hal_hsem.c': compiler options has been changed.
'f:\27559\Projects\STM32_Projects\STM32H7xx\STM32H743IIT6_V\Base\RGBLCD\Drivers\STM32H7xx_HAL_Driver\Src\stm32h7xx_hal_i2c.c': compiler options has been changed.
'f:\27559\Projects\STM32_Projects\STM32H7xx\STM32H743IIT6_V\Base\RGBLCD\Drivers\STM32H7xx_HAL_Driver\Src\stm32h7xx_hal_i2c_ex.c': compiler options has been changed.
'f:\27559\Projects\STM32_Projects\STM32H7xx\STM32H743IIT6_V\Base\RGBLCD\Drivers\STM32H7xx_HAL_Driver\Src\stm32h7xx_hal_ltdc.c': compiler options has been changed.
'f:\27559\Projects\STM32_Projects\STM32H7xx\STM32H743IIT6_V\Base\RGBLCD\Drivers\STM32H7xx_HAL_Driver\Src\stm32h7xx_hal_ltdc_ex.c': compiler options has been changed.
'f:\27559\Projects\STM32_Projects\STM32H7xx\STM32H743IIT6_V\Base\RGBLCD\Drivers\STM32H7xx_HAL_Driver\Src\stm32h7xx_hal_mdma.c': compiler options has been changed.
'f:\27559\Projects\STM32_Projects\STM32H7xx\STM32H743IIT6_V\Base\RGBLCD\Drivers\STM32H7xx_HAL_Driver\Src\stm32h7xx_hal_nand.c': compiler options has been changed.
'f:\27559\Projects\STM32_Projects\STM32H7xx\STM32H743IIT6_V\Base\RGBLCD\Drivers\STM32H7xx_HAL_Driver\Src\stm32h7xx_hal_nor.c': compiler options has been changed.
'f:\27559\Projects\STM32_Projects\STM32H7xx\STM32H743IIT6_V\Base\RGBLCD\Drivers\STM32H7xx_HAL_Driver\Src\stm32h7xx_hal_pwr.c': compiler options has been changed.
'f:\27559\Projects\STM32_Projects\STM32H7xx\STM32H743IIT6_V\Base\RGBLCD\Drivers\STM32H7xx_HAL_Driver\Src\stm32h7xx_hal_pwr_ex.c': compiler options has been changed.
'f:\27559\Projects\STM32_Projects\STM32H7xx\STM32H743IIT6_V\Base\RGBLCD\Drivers\STM32H7xx_HAL_Driver\Src\stm32h7xx_hal_rcc.c': compiler options has been changed.
'f:\27559\Projects\STM32_Projects\STM32H7xx\STM32H743IIT6_V\Base\RGBLCD\Drivers\STM32H7xx_HAL_Driver\Src\stm32h7xx_hal_rcc_ex.c': compiler options has been changed.
'f:\27559\Projects\STM32_Projects\STM32H7xx\STM32H743IIT6_V\Base\RGBLCD\Drivers\STM32H7xx_HAL_Driver\Src\stm32h7xx_hal_sdram.c': compiler options has been changed.
'f:\27559\Projects\STM32_Projects\STM32H7xx\STM32H743IIT6_V\Base\RGBLCD\Drivers\STM32H7xx_HAL_Driver\Src\stm32h7xx_hal_sram.c': compiler options has been changed.
'f:\27559\Projects\STM32_Projects\STM32H7xx\STM32H743IIT6_V\Base\RGBLCD\Drivers\STM32H7xx_HAL_Driver\Src\stm32h7xx_hal_tim.c': compiler options has been changed.
'f:\27559\Projects\STM32_Projects\STM32H7xx\STM32H743IIT6_V\Base\RGBLCD\Drivers\STM32H7xx_HAL_Driver\Src\stm32h7xx_hal_tim_ex.c': compiler options has been changed.
'f:\27559\Projects\STM32_Projects\STM32H7xx\STM32H743IIT6_V\Base\RGBLCD\Drivers\STM32H7xx_HAL_Driver\Src\stm32h7xx_hal_uart.c': compiler options has been changed.
'f:\27559\Projects\STM32_Projects\STM32H7xx\STM32H743IIT6_V\Base\RGBLCD\Drivers\STM32H7xx_HAL_Driver\Src\stm32h7xx_hal_uart_ex.c': compiler options has been changed.
'f:\27559\Projects\STM32_Projects\STM32H7xx\STM32H743IIT6_V\Base\RGBLCD\Drivers\STM32H7xx_HAL_Driver\Src\stm32h7xx_ll_fmc.c': compiler options has been changed.
'f:\27559\Projects\STM32_Projects\STM32H7xx\STM32H743IIT6_V\Base\RGBLCD\Drivers\SYSTEM\Src\delay.c': compiler options has been changed.
'f:\27559\Projects\STM32_Projects\STM32H7xx\STM32H743IIT6_V\Base\RGBLCD\Drivers\SYSTEM\Src\fmc_sdram_init.c': compiler options has been changed.
'f:\27559\Projects\STM32_Projects\STM32H7xx\STM32H743IIT6_V\Base\RGBLCD\MDK-ARM\startup_stm32h743xx.s': source file has been changed.

[2026-03-23 02:01:13]	[done]
	build successfully !

[2026-03-24 21:29:44]	[info] incremental build: 73 source files changed
These source files will be recompiled
---
'f:\27559\Projects\STM32_Projects\STM32H7xx\STM32H743IIT6_V\Base\RGBLCD\BSP\Src\bsp_ltdc.c': object (.o) file not exist
'f:\27559\Projects\STM32_Projects\STM32H7xx\STM32H743IIT6_V\Base\RGBLCD\BSP\Src\bsp_usart.c': object (.o) file not exist
'f:\27559\Projects\STM32_Projects\STM32H7xx\STM32H743IIT6_V\Base\RGBLCD\Core\Src\fmc.c': source file has been changed.
'f:\27559\Projects\STM32_Projects\STM32H7xx\STM32H743IIT6_V\Base\RGBLCD\Core\Src\gpio.c': compiler options has been changed.
'f:\27559\Projects\STM32_Projects\STM32H7xx\STM32H743IIT6_V\Base\RGBLCD\Core\Src\ltdc.c': compiler options has been changed.
'f:\27559\Projects\STM32_Projects\STM32H7xx\STM32H743IIT6_V\Base\RGBLCD\Core\Src\main.c': source file has been changed.
'f:\27559\Projects\STM32_Projects\STM32H7xx\STM32H743IIT6_V\Base\RGBLCD\Core\Src\stm32h7xx_hal_msp.c': compiler options has been changed.
'f:\27559\Projects\STM32_Projects\STM32H7xx\STM32H743IIT6_V\Base\RGBLCD\Core\Src\stm32h7xx_it.c': compiler options has been changed.
'f:\27559\Projects\STM32_Projects\STM32H7xx\STM32H743IIT6_V\Base\RGBLCD\Core\Src\system_stm32h7xx.c': compiler options has been changed.
'f:\27559\Projects\STM32_Projects\STM32H7xx\STM32H743IIT6_V\Base\RGBLCD\Core\Src\usart.c': compiler options has been changed.
'f:\27559\Projects\STM32_Projects\STM32H7xx\STM32H743IIT6_V\Base\RGBLCD\Drivers\Device\Src\lcd.c': object (.o) file not exist
'f:\27559\Projects\STM32_Projects\STM32H7xx\STM32H743IIT6_V\Base\RGBLCD\Drivers\Device\Src\lcd_use.c': object (.o) file not exist
'f:\27559\Projects\STM32_Projects\STM32H7xx\STM32H743IIT6_V\Base\RGBLCD\Drivers\STM32H7xx_HAL_Driver\Src\stm32h7xx_hal.c': compiler options has been changed.
'f:\27559\Projects\STM32_Projects\STM32H7xx\STM32H743IIT6_V\Base\RGBLCD\Drivers\STM32H7xx_HAL_Driver\Src\stm32h7xx_hal_cortex.c': compiler options has been changed.
'f:\27559\Projects\STM32_Projects\STM32H7xx\STM32H743IIT6_V\Base\RGBLCD\Drivers\STM32H7xx_HAL_Driver\Src\stm32h7xx_hal_dma.c': compiler options has been changed.
'f:\27559\Projects\STM32_Projects\STM32H7xx\STM32H743IIT6_V\Base\RGBLCD\Drivers\STM32H7xx_HAL_Driver\Src\stm32h7xx_hal_dma_ex.c': compiler options has been changed.
'f:\27559\Projects\STM32_Projects\STM32H7xx\STM32H743IIT6_V\Base\RGBLCD\Drivers\STM32H7xx_HAL_Driver\Src\stm32h7xx_hal_dsi.c': compiler options has been changed.
'f:\27559\Projects\STM32_Projects\STM32H7xx\STM32H743IIT6_V\Base\RGBLCD\Drivers\STM32H7xx_HAL_Driver\Src\stm32h7xx_hal_exti.c': compiler options has been changed.
'f:\27559\Projects\STM32_Projects\STM32H7xx\STM32H743IIT6_V\Base\RGBLCD\Drivers\STM32H7xx_HAL_Driver\Src\stm32h7xx_hal_flash.c': compiler options has been changed.
'f:\27559\Projects\STM32_Projects\STM32H7xx\STM32H743IIT6_V\Base\RGBLCD\Drivers\STM32H7xx_HAL_Driver\Src\stm32h7xx_hal_flash_ex.c': compiler options has been changed.
'f:\27559\Projects\STM32_Projects\STM32H7xx\STM32H743IIT6_V\Base\RGBLCD\Drivers\STM32H7xx_HAL_Driver\Src\stm32h7xx_hal_gpio.c': compiler options has been changed.
'f:\27559\Projects\STM32_Projects\STM32H7xx\STM32H743IIT6_V\Base\RGBLCD\Drivers\STM32H7xx_HAL_Driver\Src\stm32h7xx_hal_hsem.c': compiler options has been changed.
'f:\27559\Projects\STM32_Projects\STM32H7xx\STM32H743IIT6_V\Base\RGBLCD\Drivers\STM32H7xx_HAL_Driver\Src\stm32h7xx_hal_i2c.c': compiler options has been changed.
'f:\27559\Projects\STM32_Projects\STM32H7xx\STM32H743IIT6_V\Base\RGBLCD\Drivers\STM32H7xx_HAL_Driver\Src\stm32h7xx_hal_i2c_ex.c': compiler options has been changed.
'f:\27559\Projects\STM32_Projects\STM32H7xx\STM32H743IIT6_V\Base\RGBLCD\Drivers\STM32H7xx_HAL_Driver\Src\stm32h7xx_hal_ltdc.c': compiler options has been changed.
'f:\27559\Projects\STM32_Projects\STM32H7xx\STM32H743IIT6_V\Base\RGBLCD\Drivers\STM32H7xx_HAL_Driver\Src\stm32h7xx_hal_ltdc_ex.c': compiler options has been changed.
'f:\27559\Projects\STM32_Projects\STM32H7xx\STM32H743IIT6_V\Base\RGBLCD\Drivers\STM32H7xx_HAL_Driver\Src\stm32h7xx_hal_mdma.c': compiler options has been changed.
'f:\27559\Projects\STM32_Projects\STM32H7xx\STM32H743IIT6_V\Base\RGBLCD\Drivers\STM32H7xx_HAL_Driver\Src\stm32h7xx_hal_nand.c': compiler options has been changed.
'f:\27559\Projects\STM32_Projects\STM32H7xx\STM32H743IIT6_V\Base\RGBLCD\Drivers\STM32H7xx_HAL_Driver\Src\stm32h7xx_hal_nor.c': compiler options has been changed.
'f:\27559\Projects\STM32_Projects\STM32H7xx\STM32H743IIT6_V\Base\RGBLCD\Drivers\STM32H7xx_HAL_Driver\Src\stm32h7xx_hal_pwr.c': compiler options has been changed.
'f:\27559\Projects\STM32_Projects\STM32H7xx\STM32H743IIT6_V\Base\RGBLCD\Drivers\STM32H7xx_HAL_Driver\Src\stm32h7xx_hal_pwr_ex.c': compiler options has been changed.
'f:\27559\Projects\STM32_Projects\STM32H7xx\STM32H743IIT6_V\Base\RGBLCD\Drivers\STM32H7xx_HAL_Driver\Src\stm32h7xx_hal_rcc.c': compiler options has been changed.
'f:\27559\Projects\STM32_Projects\STM32H7xx\STM32H743IIT6_V\Base\RGBLCD\Drivers\STM32H7xx_HAL_Driver\Src\stm32h7xx_hal_rcc_ex.c': compiler options has been changed.
'f:\27559\Projects\STM32_Projects\STM32H7xx\STM32H743IIT6_V\Base\RGBLCD\Drivers\STM32H7xx_HAL_Driver\Src\stm32h7xx_hal_sdram.c': compiler options has been changed.
'f:\27559\Projects\STM32_Projects\STM32H7xx\STM32H743IIT6_V\Base\RGBLCD\Drivers\STM32H7xx_HAL_Driver\Src\stm32h7xx_hal_sram.c': compiler options has been changed.
'f:\27559\Projects\STM32_Projects\STM32H7xx\STM32H743IIT6_V\Base\RGBLCD\Drivers\STM32H7xx_HAL_Driver\Src\stm32h7xx_hal_tim.c': compiler options has been changed.
'f:\27559\Projects\STM32_Projects\STM32H7xx\STM32H743IIT6_V\Base\RGBLCD\Drivers\STM32H7xx_HAL_Driver\Src\stm32h7xx_hal_tim_ex.c': compiler options has been changed.
'f:\27559\Projects\STM32_Projects\STM32H7xx\STM32H743IIT6_V\Base\RGBLCD\Drivers\STM32H7xx_HAL_Driver\Src\stm32h7xx_hal_uart.c': compiler options has been changed.
'f:\27559\Projects\STM32_Projects\STM32H7xx\STM32H743IIT6_V\Base\RGBLCD\Drivers\STM32H7xx_HAL_Driver\Src\stm32h7xx_hal_uart_ex.c': compiler options has been changed.
'f:\27559\Projects\STM32_Projects\STM32H7xx\STM32H743IIT6_V\Base\RGBLCD\Drivers\STM32H7xx_HAL_Driver\Src\stm32h7xx_ll_fmc.c': compiler options has been changed.
'f:\27559\Projects\STM32_Projects\STM32H7xx\STM32H743IIT6_V\Base\RGBLCD\Drivers\SYSTEM\Src\delay.c': compiler options has been changed.
'f:\27559\Projects\STM32_Projects\STM32H7xx\STM32H743IIT6_V\Base\RGBLCD\Drivers\SYSTEM\Src\fmc_sdram_init.c': source file has been changed.
'f:\27559\Projects\STM32_Projects\STM32H7xx\STM32H743IIT6_V\Base\RGBLCD\Drivers\SYSTEM\Src\sys.c': object (.o) file not exist
'f:\27559\Projects\STM32_Projects\STM32H7xx\STM32H743IIT6_V\Base\RGBLCD\Middlewares\DSP\1.17.0\Source\BasicMathFunctions\BasicMathFunctions.c': object (.o) file not exist
'f:\27559\Projects\STM32_Projects\STM32H7xx\STM32H743IIT6_V\Base\RGBLCD\Middlewares\DSP\1.17.0\Source\BasicMathFunctions\BasicMathFunctionsF16.c': object (.o) file not exist
'f:\27559\Projects\STM32_Projects\STM32H7xx\STM32H743IIT6_V\Base\RGBLCD\Middlewares\DSP\1.17.0\Source\BayesFunctions\BayesFunctions.c': object (.o) file not exist
'f:\27559\Projects\STM32_Projects\STM32H7xx\STM32H743IIT6_V\Base\RGBLCD\Middlewares\DSP\1.17.0\Source\BayesFunctions\BayesFunctionsF16.c': object (.o) file not exist
'f:\27559\Projects\STM32_Projects\STM32H7xx\STM32H743IIT6_V\Base\RGBLCD\Middlewares\DSP\1.17.0\Source\CommonTables\CommonTables.c': object (.o) file not exist
'f:\27559\Projects\STM32_Projects\STM32H7xx\STM32H743IIT6_V\Base\RGBLCD\Middlewares\DSP\1.17.0\Source\CommonTables\CommonTablesF16.c': object (.o) file not exist
'f:\27559\Projects\STM32_Projects\STM32H7xx\STM32H743IIT6_V\Base\RGBLCD\Middlewares\DSP\1.17.0\Source\ComplexMathFunctions\ComplexMathFunctions.c': object (.o) file not exist
'f:\27559\Projects\STM32_Projects\STM32H7xx\STM32H743IIT6_V\Base\RGBLCD\Middlewares\DSP\1.17.0\Source\ComplexMathFunctions\ComplexMathFunctionsF16.c': object (.o) file not exist
'f:\27559\Projects\STM32_Projects\STM32H7xx\STM32H743IIT6_V\Base\RGBLCD\Middlewares\DSP\1.17.0\Source\ControllerFunctions\ControllerFunctions.c': object (.o) file not exist
'f:\27559\Projects\STM32_Projects\STM32H7xx\STM32H743IIT6_V\Base\RGBLCD\Middlewares\DSP\1.17.0\Source\DistanceFunctions\DistanceFunctions.c': object (.o) file not exist
'f:\27559\Projects\STM32_Projects\STM32H7xx\STM32H743IIT6_V\Base\RGBLCD\Middlewares\DSP\1.17.0\Source\DistanceFunctions\DistanceFunctionsF16.c': object (.o) file not exist
'f:\27559\Projects\STM32_Projects\STM32H7xx\STM32H743IIT6_V\Base\RGBLCD\Middlewares\DSP\1.17.0\Source\FastMathFunctions\FastMathFunctions.c': object (.o) file not exist
'f:\27559\Projects\STM32_Projects\STM32H7xx\STM32H743IIT6_V\Base\RGBLCD\Middlewares\DSP\1.17.0\Source\FastMathFunctions\FastMathFunctionsF16.c': object (.o) file not exist
'f:\27559\Projects\STM32_Projects\STM32H7xx\STM32H743IIT6_V\Base\RGBLCD\Middlewares\DSP\1.17.0\Source\FilteringFunctions\FilteringFunctions.c': object (.o) file not exist
'f:\27559\Projects\STM32_Projects\STM32H7xx\STM32H743IIT6_V\Base\RGBLCD\Middlewares\DSP\1.17.0\Source\FilteringFunctions\FilteringFunctionsF16.c': object (.o) file not exist
'f:\27559\Projects\STM32_Projects\STM32H7xx\STM32H743IIT6_V\Base\RGBLCD\Middlewares\DSP\1.17.0\Source\InterpolationFunctions\InterpolationFunctions.c': object (.o) file not exist
'f:\27559\Projects\STM32_Projects\STM32H7xx\STM32H743IIT6_V\Base\RGBLCD\Middlewares\DSP\1.17.0\Source\InterpolationFunctions\InterpolationFunctionsF16.c': object (.o) file not exist
'f:\27559\Projects\STM32_Projects\STM32H7xx\STM32H743IIT6_V\Base\RGBLCD\Middlewares\DSP\1.17.0\Source\MatrixFunctions\MatrixFunctions.c': object (.o) file not exist
'f:\27559\Projects\STM32_Projects\STM32H7xx\STM32H743IIT6_V\Base\RGBLCD\Middlewares\DSP\1.17.0\Source\MatrixFunctions\MatrixFunctionsF16.c': object (.o) file not exist
'f:\27559\Projects\STM32_Projects\STM32H7xx\STM32H743IIT6_V\Base\RGBLCD\Middlewares\DSP\1.17.0\Source\QuaternionMathFunctions\QuaternionMathFunctions.c': object (.o) file not exist
'f:\27559\Projects\STM32_Projects\STM32H7xx\STM32H743IIT6_V\Base\RGBLCD\Middlewares\DSP\1.17.0\Source\SVMFunctions\SVMFunctions.c': object (.o) file not exist
'f:\27559\Projects\STM32_Projects\STM32H7xx\STM32H743IIT6_V\Base\RGBLCD\Middlewares\DSP\1.17.0\Source\SVMFunctions\SVMFunctionsF16.c': object (.o) file not exist
'f:\27559\Projects\STM32_Projects\STM32H7xx\STM32H743IIT6_V\Base\RGBLCD\Middlewares\DSP\1.17.0\Source\StatisticsFunctions\StatisticsFunctions.c': object (.o) file not exist
'f:\27559\Projects\STM32_Projects\STM32H7xx\STM32H743IIT6_V\Base\RGBLCD\Middlewares\DSP\1.17.0\Source\StatisticsFunctions\StatisticsFunctionsF16.c': object (.o) file not exist
'f:\27559\Projects\STM32_Projects\STM32H7xx\STM32H743IIT6_V\Base\RGBLCD\Middlewares\DSP\1.17.0\Source\SupportFunctions\SupportFunctions.c': object (.o) file not exist
'f:\27559\Projects\STM32_Projects\STM32H7xx\STM32H743IIT6_V\Base\RGBLCD\Middlewares\DSP\1.17.0\Source\SupportFunctions\SupportFunctionsF16.c': object (.o) file not exist
'f:\27559\Projects\STM32_Projects\STM32H7xx\STM32H743IIT6_V\Base\RGBLCD\Middlewares\DSP\1.17.0\Source\TransformFunctions\TransformFunctions.c': object (.o) file not exist
'f:\27559\Projects\STM32_Projects\STM32H7xx\STM32H743IIT6_V\Base\RGBLCD\Middlewares\DSP\1.17.0\Source\TransformFunctions\TransformFunctionsF16.c': object (.o) file not exist
'f:\27559\Projects\STM32_Projects\STM32H7xx\STM32H743IIT6_V\Base\RGBLCD\Middlewares\DSP\1.17.0\Source\WindowFunctions\WindowFunctions.c': object (.o) file not exist
'f:\27559\Projects\STM32_Projects\STM32H7xx\STM32H743IIT6_V\Base\RGBLCD\MDK-ARM\startup_stm32h743xx.s': source file has been changed.

[2026-03-24 21:29:55]	[done]
	build successfully !

